#
# A fatal error has been detected by the Java Runtime Environment:
#
#  EXCEPTION_ACCESS_VIOLATION (0xc0000005) at pc=0x000001e1fc3d1066, pid=9976, tid=0x00000000000008e8
#
# JRE version: OpenJDK Runtime Environment (8.0_412-b08) (build 1.8.0_412-b08)
# Java VM: OpenJDK 64-Bit Server VM (25.412-b08 mixed mode windows-amd64 compressed oops)
# Problematic frame:
# C  [OpenAL64.dll+0x11066]
#
# Failed to write core dump. Minidumps are not enabled by default on client versions of Windows
#
# If you would like to submit a bug report, please visit:
#   https://github.com/adoptium/adoptium-support/issues
# The crash happened outside the Java Virtual Machine in native code.
# See problematic frame for where to report the bug.
#

---------------  T H R E A D  ---------------

Current thread (0x000001e1d8279800):  JavaThread "main" [_thread_in_native, id=2280, stack(0x000000a071a00000,0x000000a071b00000)]

siginfo: ExceptionCode=0xc0000005, reading address 0x000001e1f9849004

Registers:
RAX=0x000000005f4ae177, RBX=0x000001e1fc1d0090, RCX=0x000001e1f9849008, RDX=0x000001e1f9849004
RSP=0x000000a071afbb30, RBP=0x00000000000000ff, RSI=0x000001e1f98397fc, RDI=0x0000000000000000
R8 =0x0000000000003e02, R9 =0x000001e1f98397fc, R10=0x000001e1d9d69c62, R11=0x00000000626b8f10
R12=0x0000000000000001, R13=0x000001e1fbcc5ee0, R14=0x000000a071afbcd0, R15=0x000001e1d8279800
RIP=0x000001e1fc3d1066, EFLAGS=0x0000000000010202

Top of Stack: (sp=0x000000a071afbb30)
0x000000a071afbb30:   0000000000000000 000001e1d8279800
0x000000a071afbb40:   000000a071afbcd0 000001e1fbcc5ee0
0x000000a071afbb50:   000001e1fbcc5ee0 0000000000000000
0x000000a071afbb60:   000001e1d8279800 0000000000000000
0x000000a071afbb70:   000000a071afbc98 000000006254f14b
0x000000a071afbb80:   000000a071afbbb0 000001e1d9daa6d3
0x000000a071afbb90:   000001e1d8279080 000001e1d827a3b0
0x000000a071afbba0:   000001e1d8279800 000000a071afbcd0
0x000000a071afbbb0:   000001e1fbcc5ee0 0000000000000000
0x000000a071afbbc0:   000001e1f98397fc 0000000000000248
0x000000a071afbbd0:   000000a071afbc98 000001e1fc3d248f
0x000000a071afbbe0:   000001e1fc1d0090 000001e1fc1d0090
0x000000a071afbbf0:   000001e10000ac44 000001e15f4ae177
0x000000a071afbc00:   000001e1d9d57bd0 000001e1d9d69c8e
0x000000a071afbc10:   000001e1fbcc5ee0 0000000000000248
0x000000a071afbc20:   000001e1d9d57bd0 000001e1d9d6999b 

Instructions: (pc=0x000001e1fc3d1066)
0x000001e1fc3d1046:   41 2b ec 81 3a 03 00 02 00 75 09 8b 01 89 84 24
0x000001e1fc3d1056:   c8 00 00 00 49 83 c0 02 48 83 c1 08 4a 8d 14 86
0x000001e1fc3d1066:   39 3a 75 af 4c 8d 84 24 c0 00 00 00 48 8d 15 d7
0x000001e1fc3d1076:   2b 03 00 33 c9 e8 58 5f 00 00 b8 40 1f 00 00 4c 


Register to memory mapping:

RAX=0x000000005f4ae177 is an unknown value
RBX=0x000001e1fc1d0090 is an unknown value
RCX=0x000001e1f9849008 is an unknown value
RDX=0x000001e1f9849004 is an unknown value
RSP=0x000000a071afbb30 is pointing into the stack for thread: 0x000001e1d8279800
RBP=0x00000000000000ff is an unknown value
RSI=0x000001e1f98397fc is an unknown value
RDI=0x0000000000000000 is an unknown value
R8 =0x0000000000003e02 is an unknown value
R9 =0x000001e1f98397fc is an unknown value
R10=0x000001e1d9d69c62 is at code_begin+962 in an Interpreter codelet
method entry point (kind = native)  [0x000001e1d9d698a0, 0x000001e1d9d6a340]  2720 bytes
R11=0x00000000626b8f10 is an unknown value
R12=0x0000000000000001 is an unknown value
R13={method} {0x000001e1fbcc5ee8} 'nalcCreateContext' '(JJ)J' in 'org/lwjgl/openal/ALC10'
R14=0x000000a071afbcd0 is pointing into the stack for thread: 0x000001e1d8279800
R15=0x000001e1d8279800 is a thread


Stack: [0x000000a071a00000,0x000000a071b00000],  sp=0x000000a071afbb30,  free space=1006k
Native frames: (J=compiled Java code, j=interpreted, Vv=VM code, C=native code)
C  [OpenAL64.dll+0x11066]
C  [OpenAL64.dll+0x1248f]
C  0x000001e1d9d69c8e

Java frames: (J=compiled Java code, j=interpreted, Vv=VM code)
j  org.lwjgl.openal.ALC10.nalcCreateContext(JJ)J+0
j  org.lwjgl.openal.ALC10.alcCreateContext(Lorg/lwjgl/openal/ALCdevice;Ljava/nio/IntBuffer;)Lorg/lwjgl/openal/ALCcontext;+8
j  org.lwjgl.openal.AL.init(Ljava/lang/String;IIZZ)V+69
j  org.lwjgl.openal.AL.create(Ljava/lang/String;IIZZ)V+246
j  org.lwjgl.openal.AL.create(Ljava/lang/String;IIZ)V+5
j  org.lwjgl.openal.AL.create()V+6
j  com.badlogic.gdx.backends.lwjgl.audio.OpenALAudio.<init>(III)V+114
j  com.badlogic.gdx.backends.lwjgl.LwjglApplication.<init>(Lcom/badlogic/gdx/ApplicationListener;Lcom/badlogic/gdx/backends/lwjgl/LwjglApplicationConfiguration;Lcom/badlogic/gdx/backends/lwjgl/LwjglGraphics;)V+120
j  com.badlogic.gdx.backends.lwjgl.LwjglApplication.<init>(Lcom/badlogic/gdx/ApplicationListener;Lcom/badlogic/gdx/backends/lwjgl/LwjglApplicationConfiguration;)V+11
j  org.uqbar.project.wollok.game.gameboard.WollokGDXApplication.<init>(Lorg/uqbar/project/wollok/game/gameboard/Gameboard;Ljava/lang/Boolean;)V+17
j  org.uqbar.project.wollok.game.helpers.Application.start(Lorg/uqbar/project/wollok/game/gameboard/Gameboard;Ljava/lang/Boolean;)V+5
j  org.uqbar.project.wollok.game.gameboard.Gameboard.start(Ljava/lang/Boolean;)V+13
j  wollok.game.GameObject.doStart(Ljava/lang/Boolean;)V+12
v  ~StubRoutines::call_stub
J 3630  sun.reflect.NativeMethodAccessorImpl.invoke0(Ljava/lang/reflect/Method;Ljava/lang/Object;[Ljava/lang/Object;)Ljava/lang/Object; (0 bytes) @ 0x000001e1daacb1ff [0x000001e1daacb180+0x7f]
J 3629 C1 sun.reflect.NativeMethodAccessorImpl.invoke(Ljava/lang/Object;[Ljava/lang/Object;)Ljava/lang/Object; (104 bytes) @ 0x000001e1daac94bc [0x000001e1daac82c0+0x11fc]
J 4107 C2 java.lang.reflect.Method.invoke(Ljava/lang/Object;[Ljava/lang/Object;)Ljava/lang/Object; (62 bytes) @ 0x000001e1dace7864 [0x000001e1dace77e0+0x84]
J 3860 C1 org.uqbar.project.wollok.ui.utils.XTendUtilExtensions.invokeConvertingArgs(Ljava/lang/reflect/Method;Ljava/lang/Object;[Ljava/lang/Object;)Lorg/uqbar/project/wollok/interpreter/core/WollokObject; (368 bytes) @ 0x000001e1dabda934 [0x000001e1dabd8d40+0x1bf4]
J 3855 C1 org.uqbar.project.wollok.interpreter.AbstractWollokCallable._invokeNative(Ljava/lang/Object;Ljava/lang/String;[Lorg/uqbar/project/wollok/interpreter/core/WollokObject;)Lorg/uqbar/project/wollok/interpreter/core/WollokObject; (49 bytes) @ 0x000001e1dabb2aa4 [0x000001e1dabb2800+0x2a4]
J 3911 C1 org.uqbar.project.wollok.interpreter.AbstractWollokCallable.invokeNative(Ljava/lang/Object;Ljava/lang/String;[Lorg/uqbar/project/wollok/interpreter/core/WollokObject;)Lorg/uqbar/project/wollok/interpreter/core/WollokObject; (76 bytes) @ 0x000001e1dac0c3c4 [0x000001e1dac0b760+0xc64]
J 3788 C1 org.uqbar.project.wollok.interpreter.AbstractWollokCallable$1.apply()Lorg/uqbar/project/wollok/interpreter/core/WollokObject; (145 bytes) @ 0x000001e1dab728ec [0x000001e1dab72280+0x66c]
J 3787 C1 org.uqbar.project.wollok.interpreter.AbstractWollokCallable$1.apply()Ljava/lang/Object; (5 bytes) @ 0x000001e1dab667cc [0x000001e1dab66740+0x8c]
J 3755 C1 org.uqbar.project.wollok.interpreter.threads.WThread.performOnStack(Lorg/eclipse/emf/ecore/EObject;Lorg/uqbar/project/wollok/interpreter/context/EvaluationContext;Lorg/eclipse/xtext/xbase/lib/Functions$Function0;)Lorg/uqbar/project/wollok/interpreter/core/WollokObject; (157 bytes) @ 0x000001e1dab59ec4 [0x000001e1dab59b80+0x344]
J 3783 C1 org.uqbar.project.wollok.interpreter.AbstractWollokCallable.call(Lorg/uqbar/project/wollok/wollokDsl/WMethodDeclaration;[Lorg/uqbar/project/wollok/interpreter/core/WollokObject;)Lorg/uqbar/project/wollok/interpreter/core/WollokObject; (46 bytes) @ 0x000001e1dab6d93c [0x000001e1dab6cc20+0xd1c]
J 3782 C1 org.uqbar.project.wollok.interpreter.core.WollokObject.call(Ljava/lang/String;[Lorg/uqbar/project/wollok/interpreter/core/WollokObject;)Lorg/uqbar/project/wollok/interpreter/core/WollokObject; (61 bytes) @ 0x000001e1dab6764c [0x000001e1dab66f80+0x6cc]
J 3987 C1 org.uqbar.project.wollok.interpreter.WollokInterpreterEvaluator._evaluate(Lorg/uqbar/project/wollok/wollokDsl/WFeatureCall;)Lorg/uqbar/project/wollok/interpreter/core/WollokObject; (125 bytes) @ 0x000001e1dac68b74 [0x000001e1dac679c0+0x11b4]
J 3612 C1 org.uqbar.project.wollok.launch.WollokLauncherInterpreterEvaluator.evaluate(Lorg/eclipse/emf/ecore/EObject;)Lorg/uqbar/project/wollok/interpreter/core/WollokObject; (502 bytes) @ 0x000001e1daaf2d8c [0x000001e1daaeeba0+0x41ec]
J 3613 C1 org.uqbar.project.wollok.interpreter.WollokInterpreter.eval(Lorg/eclipse/emf/ecore/EObject;)Lorg/uqbar/project/wollok/interpreter/core/WollokObject; (190 bytes) @ 0x000001e1daad5f24 [0x000001e1daad54c0+0xa64]
J 3981 C1 org.uqbar.project.wollok.interpreter.WollokInterpreterEvaluator$1.apply(Ljava/lang/Object;Ljava/lang/Object;)Ljava/lang/Object; (13 bytes) @ 0x000001e1dac54bec [0x000001e1dac54860+0x38c]
J 3703 C1 org.eclipse.xtext.xbase.lib.IteratorExtensions.fold(Ljava/util/Iterator;Ljava/lang/Object;Lorg/eclipse/xtext/xbase/lib/Functions$Function2;)Ljava/lang/Object; (30 bytes) @ 0x000001e1dab2259c [0x000001e1dab223e0+0x1bc]
J 4021 C1 org.uqbar.project.wollok.interpreter.WollokInterpreterEvaluator._evaluate(Lorg/uqbar/project/wollok/wollokDsl/WBlockExpression;)Lorg/uqbar/project/wollok/interpreter/core/WollokObject; (40 bytes) @ 0x000001e1dac9627c [0x000001e1dac95600+0xc7c]
J 3612 C1 org.uqbar.project.wollok.launch.WollokLauncherInterpreterEvaluator.evaluate(Lorg/eclipse/emf/ecore/EObject;)Lorg/uqbar/project/wollok/interpreter/core/WollokObject; (502 bytes) @ 0x000001e1daaf63ac [0x000001e1daaeeba0+0x780c]
J 3613 C1 org.uqbar.project.wollok.interpreter.WollokInterpreter.eval(Lorg/eclipse/emf/ecore/EObject;)Lorg/uqbar/project/wollok/interpreter/core/WollokObject; (190 bytes) @ 0x000001e1daad5f24 [0x000001e1daad54c0+0xa64]
J 3788 C1 org.uqbar.project.wollok.interpreter.AbstractWollokCallable$1.apply()Lorg/uqbar/project/wollok/interpreter/core/WollokObject; (145 bytes) @ 0x000001e1dab72c44 [0x000001e1dab72280+0x9c4]
J 3787 C1 org.uqbar.project.wollok.interpreter.AbstractWollokCallable$1.apply()Ljava/lang/Object; (5 bytes) @ 0x000001e1dab667cc [0x000001e1dab66740+0x8c]
J 3755 C1 org.uqbar.project.wollok.interpreter.threads.WThread.performOnStack(Lorg/eclipse/emf/ecore/EObject;Lorg/uqbar/project/wollok/interpreter/context/EvaluationContext;Lorg/eclipse/xtext/xbase/lib/Functions$Function0;)Lorg/uqbar/project/wollok/interpreter/core/WollokObject; (157 bytes) @ 0x000001e1dab59ec4 [0x000001e1dab59b80+0x344]
J 3783 C1 org.uqbar.project.wollok.interpreter.AbstractWollokCallable.call(Lorg/uqbar/project/wollok/wollokDsl/WMethodDeclaration;[Lorg/uqbar/project/wollok/interpreter/core/WollokObject;)Lorg/uqbar/project/wollok/interpreter/core/WollokObject; (46 bytes) @ 0x000001e1dab6d93c [0x000001e1dab6cc20+0xd1c]
J 3782 C1 org.uqbar.project.wollok.interpreter.core.WollokObject.call(Ljava/lang/String;[Lorg/uqbar/project/wollok/interpreter/core/WollokObject;)Lorg/uqbar/project/wollok/interpreter/core/WollokObject; (61 bytes) @ 0x000001e1dab6764c [0x000001e1dab66f80+0x6cc]
J 3987 C1 org.uqbar.project.wollok.interpreter.WollokInterpreterEvaluator._evaluate(Lorg/uqbar/project/wollok/wollokDsl/WFeatureCall;)Lorg/uqbar/project/wollok/interpreter/core/WollokObject; (125 bytes) @ 0x000001e1dac68b74 [0x000001e1dac679c0+0x11b4]
J 3612 C1 org.uqbar.project.wollok.launch.WollokLauncherInterpreterEvaluator.evaluate(Lorg/eclipse/emf/ecore/EObject;)Lorg/uqbar/project/wollok/interpreter/core/WollokObject; (502 bytes) @ 0x000001e1daaf2d8c [0x000001e1daaeeba0+0x41ec]
J 3613 C1 org.uqbar.project.wollok.interpreter.WollokInterpreter.eval(Lorg/eclipse/emf/ecore/EObject;)Lorg/uqbar/project/wollok/interpreter/core/WollokObject; (190 bytes) @ 0x000001e1daad5f24 [0x000001e1daad54c0+0xa64]
J 3981 C1 org.uqbar.project.wollok.interpreter.WollokInterpreterEvaluator$1.apply(Ljava/lang/Object;Ljava/lang/Object;)Ljava/lang/Object; (13 bytes) @ 0x000001e1dac54bec [0x000001e1dac54860+0x38c]
j  org.eclipse.xtext.xbase.lib.IteratorExtensions.fold(Ljava/util/Iterator;Ljava/lang/Object;Lorg/eclipse/xtext/xbase/lib/Functions$Function2;)Ljava/lang/Object;+19
j  org.eclipse.xtext.xbase.lib.IterableExtensions.fold(Ljava/lang/Iterable;Ljava/lang/Object;Lorg/eclipse/xtext/xbase/lib/Functions$Function2;)Ljava/lang/Object;+8
j  org.uqbar.project.wollok.interpreter.WollokInterpreterEvaluator.evalAll(Ljava/lang/Iterable;)Lorg/uqbar/project/wollok/interpreter/core/WollokObject;+12
j  org.uqbar.project.wollok.interpreter.WollokInterpreterEvaluator._evaluate(Lorg/uqbar/project/wollok/wollokDsl/WBlockExpression;)Lorg/uqbar/project/wollok/interpreter/core/WollokObject;+34
j  org.uqbar.project.wollok.launch.WollokLauncherInterpreterEvaluator.evaluate(Lorg/eclipse/emf/ecore/EObject;)Lorg/uqbar/project/wollok/interpreter/core/WollokObject;+76
j  org.uqbar.project.wollok.interpreter.WollokInterpreterEvaluator.evaluate(Lorg/eclipse/emf/ecore/EObject;)Ljava/lang/Object;+2
j  org.uqbar.project.wollok.interpreter.WollokInterpreter.eval(Lorg/eclipse/emf/ecore/EObject;)Lorg/uqbar/project/wollok/interpreter/core/WollokObject;+63
j  org.uqbar.project.wollok.interpreter.AbstractWollokCallable.eval(Lorg/eclipse/emf/ecore/EObject;)Lorg/uqbar/project/wollok/interpreter/core/WollokObject;+5
j  org.uqbar.project.wollok.interpreter.AbstractWollokCallable$1.apply()Lorg/uqbar/project/wollok/interpreter/core/WollokObject;+110
j  org.uqbar.project.wollok.interpreter.AbstractWollokCallable$1.apply()Ljava/lang/Object;+1
j  org.uqbar.project.wollok.interpreter.threads.WThread.performOnStack(Lorg/eclipse/emf/ecore/EObject;Lorg/uqbar/project/wollok/interpreter/context/EvaluationContext;Lorg/eclipse/xtext/xbase/lib/Functions$Function0;)Lorg/uqbar/project/wollok/interpreter/core/WollokObject;+29
j  org.uqbar.project.wollok.interpreter.WollokInterpreter.performOnStack(Lorg/eclipse/emf/ecore/EObject;Lorg/uqbar/project/wollok/interpreter/context/EvaluationContext;Lorg/eclipse/xtext/xbase/lib/Functions$Function0;)Lorg/uqbar/project/wollok/interpreter/core/WollokObject;+7
j  org.uqbar.project.wollok.interpreter.AbstractWollokCallable.call(Lorg/uqbar/project/wollok/wollokDsl/WMethodDeclaration;[Lorg/uqbar/project/wollok/interpreter/core/WollokObject;)Lorg/uqbar/project/wollok/interpreter/core/WollokObject;+38
j  org.uqbar.project.wollok.interpreter.core.WollokObject.call(Ljava/lang/String;[Lorg/uqbar/project/wollok/interpreter/core/WollokObject;)Lorg/uqbar/project/wollok/interpreter/core/WollokObject;+55
j  org.uqbar.project.wollok.interpreter.WollokInterpreterEvaluator._evaluate(Lorg/uqbar/project/wollok/wollokDsl/WFeatureCall;)Lorg/uqbar/project/wollok/interpreter/core/WollokObject;+119
j  org.uqbar.project.wollok.launch.WollokLauncherInterpreterEvaluator.evaluate(Lorg/eclipse/emf/ecore/EObject;)Lorg/uqbar/project/wollok/interpreter/core/WollokObject;+412
j  org.uqbar.project.wollok.interpreter.WollokInterpreterEvaluator.evaluate(Lorg/eclipse/emf/ecore/EObject;)Ljava/lang/Object;+2
j  org.uqbar.project.wollok.interpreter.WollokInterpreter.eval(Lorg/eclipse/emf/ecore/EObject;)Lorg/uqbar/project/wollok/interpreter/core/WollokObject;+63
j  org.uqbar.project.wollok.interpreter.WollokInterpreterEvaluator.eval(Lorg/eclipse/emf/ecore/EObject;)Lorg/uqbar/project/wollok/interpreter/core/WollokObject;+5
j  org.uqbar.project.wollok.interpreter.WollokInterpreterEvaluator$1.apply(Lorg/uqbar/project/wollok/interpreter/core/WollokObject;Lorg/eclipse/emf/ecore/EObject;)Lorg/uqbar/project/wollok/interpreter/core/WollokObject;+5
j  org.uqbar.project.wollok.interpreter.WollokInterpreterEvaluator$1.apply(Ljava/lang/Object;Ljava/lang/Object;)Ljava/lang/Object;+9
j  org.eclipse.xtext.xbase.lib.IteratorExtensions.fold(Ljava/util/Iterator;Ljava/lang/Object;Lorg/eclipse/xtext/xbase/lib/Functions$Function2;)Ljava/lang/Object;+19
j  org.eclipse.xtext.xbase.lib.IterableExtensions.fold(Ljava/lang/Iterable;Ljava/lang/Object;Lorg/eclipse/xtext/xbase/lib/Functions$Function2;)Ljava/lang/Object;+8
j  org.uqbar.project.wollok.interpreter.WollokInterpreterEvaluator.evalAll(Ljava/lang/Iterable;)Lorg/uqbar/project/wollok/interpreter/core/WollokObject;+12
j  org.uqbar.project.wollok.interpreter.WollokInterpreterEvaluator._evaluate(Lorg/uqbar/project/wollok/wollokDsl/WProgram;)Lorg/uqbar/project/wollok/interpreter/core/WollokObject;+18
j  org.uqbar.project.wollok.launch.WollokLauncherInterpreterEvaluator.evaluate(Lorg/eclipse/emf/ecore/EObject;)Lorg/uqbar/project/wollok/interpreter/core/WollokObject;+444
j  org.uqbar.project.wollok.interpreter.WollokInterpreterEvaluator.evaluate(Lorg/eclipse/emf/ecore/EObject;)Ljava/lang/Object;+2
j  org.uqbar.project.wollok.interpreter.WollokInterpreter.eval(Lorg/eclipse/emf/ecore/EObject;)Lorg/uqbar/project/wollok/interpreter/core/WollokObject;+63
j  org.uqbar.project.wollok.interpreter.WollokInterpreterEvaluator.eval(Lorg/eclipse/emf/ecore/EObject;)Lorg/uqbar/project/wollok/interpreter/core/WollokObject;+5
j  org.uqbar.project.wollok.launch.WollokLauncherInterpreterEvaluator._evaluate(Lorg/uqbar/project/wollok/wollokDsl/WFile;)Lorg/uqbar/project/wollok/interpreter/core/WollokObject;+32
j  org.uqbar.project.wollok.launch.WollokLauncherInterpreterEvaluator.evaluate(Lorg/eclipse/emf/ecore/EObject;)Lorg/uqbar/project/wollok/interpreter/core/WollokObject;+428
j  org.uqbar.project.wollok.interpreter.WollokInterpreterEvaluator.evaluate(Lorg/eclipse/emf/ecore/EObject;)Ljava/lang/Object;+2
j  org.uqbar.project.wollok.interpreter.WollokInterpreter.interpret(Lorg/eclipse/emf/ecore/EObject;Ljava/lang/Boolean;)Lorg/uqbar/project/wollok/interpreter/core/WollokObject;+25
j  org.uqbar.project.wollok.interpreter.WollokInterpreter.interpret(Lorg/eclipse/emf/ecore/EObject;)Lorg/uqbar/project/wollok/interpreter/core/WollokObject;+8
j  org.uqbar.project.wollok.launch.WollokLauncher.doSomething(Lorg/uqbar/project/wollok/wollokDsl/WFile;Lcom/google/inject/Injector;Ljava/io/File;Lorg/uqbar/project/wollok/launch/WollokLauncherParameters;)V+109
j  org.uqbar.project.wollok.launch.WollokChecker.launch(Ljava/lang/String;Lorg/uqbar/project/wollok/launch/WollokLauncherParameters;)V+31
j  org.uqbar.project.wollok.launch.WollokChecker.doMain([Ljava/lang/String;)V+205
j  org.uqbar.project.wollok.launch.WollokLauncher.main([Ljava/lang/String;)V+8
v  ~StubRoutines::call_stub

---------------  P R O C E S S  ---------------

Java Threads: ( => current thread )
  0x000001e1f74c2000 JavaThread "com.google.inject.internal.util.$Finalizer" daemon [_thread_blocked, id=10784, stack(0x000000a073e00000,0x000000a073f00000)]
  0x000001e1f74f6800 JavaThread "EMF Reference Cleaner" daemon [_thread_blocked, id=12300, stack(0x000000a073d00000,0x000000a073e00000)]
  0x000001e1f52d3000 JavaThread "Service Thread" daemon [_thread_blocked, id=13324, stack(0x000000a073b00000,0x000000a073c00000)]
  0x000001e1f51fe000 JavaThread "C1 CompilerThread11" daemon [_thread_blocked, id=4260, stack(0x000000a073a00000,0x000000a073b00000)]
  0x000001e1f51fb000 JavaThread "C1 CompilerThread10" daemon [_thread_blocked, id=15184, stack(0x000000a073900000,0x000000a073a00000)]
  0x000001e1f51fd000 JavaThread "C1 CompilerThread9" daemon [_thread_blocked, id=14348, stack(0x000000a073800000,0x000000a073900000)]
  0x000001e1f51ff800 JavaThread "C1 CompilerThread8" daemon [_thread_blocked, id=404, stack(0x000000a073700000,0x000000a073800000)]
  0x000001e1f51fa000 JavaThread "C2 CompilerThread7" daemon [_thread_blocked, id=2144, stack(0x000000a073600000,0x000000a073700000)]
  0x000001e1f51fe800 JavaThread "C2 CompilerThread6" daemon [_thread_blocked, id=11120, stack(0x000000a073500000,0x000000a073600000)]
  0x000001e1f51f1000 JavaThread "C2 CompilerThread5" daemon [_thread_blocked, id=7916, stack(0x000000a073400000,0x000000a073500000)]
  0x000001e1f51e7000 JavaThread "C2 CompilerThread4" daemon [_thread_blocked, id=10384, stack(0x000000a073300000,0x000000a073400000)]
  0x000001e1f51e2000 JavaThread "C2 CompilerThread3" daemon [_thread_blocked, id=10400, stack(0x000000a073200000,0x000000a073300000)]
  0x000001e1f51df000 JavaThread "C2 CompilerThread2" daemon [_thread_blocked, id=3940, stack(0x000000a073100000,0x000000a073200000)]
  0x000001e1f51db000 JavaThread "C2 CompilerThread1" daemon [_thread_blocked, id=10152, stack(0x000000a073000000,0x000000a073100000)]
  0x000001e1f51d8800 JavaThread "C2 CompilerThread0" daemon [_thread_blocked, id=3984, stack(0x000000a072f00000,0x000000a073000000)]
  0x000001e1f51d4800 JavaThread "Attach Listener" daemon [_thread_blocked, id=12064, stack(0x000000a072e00000,0x000000a072f00000)]
  0x000001e1f51d3800 JavaThread "Signal Dispatcher" daemon [_thread_blocked, id=11872, stack(0x000000a072d00000,0x000000a072e00000)]
  0x000001e1f301a000 JavaThread "Finalizer" daemon [_thread_blocked, id=3324, stack(0x000000a072c00000,0x000000a072d00000)]
  0x000001e1f51b3000 JavaThread "Reference Handler" daemon [_thread_blocked, id=3820, stack(0x000000a072b00000,0x000000a072c00000)]
=>0x000001e1d8279800 JavaThread "main" [_thread_in_native, id=2280, stack(0x000000a071a00000,0x000000a071b00000)]

Other Threads:
  0x000001e1f5192800 VMThread [stack: 0x000000a072a00000,0x000000a072b00000] [id=13544]
  0x000001e1f52d4000 WatcherThread [stack: 0x000000a073c00000,0x000000a073d00000] [id=6236]

VM state:not at safepoint (normal execution)

VM Mutex/Monitor currently owned by a thread: None

heap address: 0x00000006c2e00000, size: 4050 MB, Compressed Oops mode: Zero based, Oop shift amount: 3
Narrow klass base: 0x0000000000000000, Narrow klass shift: 3
Compressed class space size: 1073741824 Address: 0x00000007c0000000

Heap:
 PSYoungGen      total 140800K, used 81140K [0x000000076ba00000, 0x000000077cd00000, 0x00000007c0000000)
  eden space 130048K, 62% used [0x000000076ba00000,0x000000077093d108,0x0000000773900000)
  from space 10752K, 0% used [0x0000000773900000,0x0000000773900000,0x0000000774380000)
  to   space 10752K, 0% used [0x000000077c280000,0x000000077c280000,0x000000077cd00000)
 ParOldGen       total 137216K, used 18464K [0x00000006c2e00000, 0x00000006cb400000, 0x000000076ba00000)
  object space 137216K, 13% used [0x00000006c2e00000,0x00000006c40082f8,0x00000006cb400000)
 Metaspace       used 22414K, capacity 22726K, committed 22912K, reserved 1069056K
  class space    used 2768K, capacity 2873K, committed 2944K, reserved 1048576K

Card table byte_map: [0x000001e1e9110000,0x000001e1e9900000] byte_map_base: 0x000001e1e5af9000

Marking Bits: (ParMarkBitMap*) 0x0000000062c90830
 Begin Bits: [0x000001e1e9e50000, 0x000001e1edd98000)
 End Bits:   [0x000001e1edd98000, 0x000001e1f1ce0000)

Polling page: 0x000001e1d8210000

CodeCache: size=245760Kb used=16428Kb max_used=16470Kb free=229331Kb
 bounds [0x000001e1d9d50000, 0x000001e1dad80000, 0x000001e1e8d50000]
 total_blobs=4662 nmethods=4205 adapters=365
 compilation: enabled

Compilation events (10 events):
Event: 1.213 Thread 0x000001e1f51fe000 4201       3       java.nio.DirectByteBuffer::ix (10 bytes)
Event: 1.214 Thread 0x000001e1f51fe000 nmethod 4201 0x000001e1dad27d90 code [0x000001e1dad27ee0, 0x000001e1dad28038]
Event: 1.214 Thread 0x000001e1f51fb000 nmethod 4200 0x000001e1dad3cad0 code [0x000001e1dad3cc40, 0x000001e1dad3ceb8]
Event: 1.214 Thread 0x000001e1f51ff800 4203       3       java.nio.DirectByteBuffer::put (18 bytes)
Event: 1.214 Thread 0x000001e1f51fb000 4204       1       java.nio.DirectByteBuffer::ix (10 bytes)
Event: 1.214 Thread 0x000001e1f51fb000 nmethod 4204 0x000001e1dad3c810 code [0x000001e1dad3c960, 0x000001e1dad3ca78]
Event: 1.214 Thread 0x000001e1f51ff800 nmethod 4203 0x000001e1dad3c310 code [0x000001e1dad3c480, 0x000001e1dad3c6f8]
Event: 1.215 Thread 0x000001e1f51d8800 nmethod 3988 0x000001e1dad44890 code [0x000001e1dad45040, 0x000001e1dad4af28]
Event: 1.216 Thread 0x000001e1f51fd000 4205       3       java.io.WinNTFileSystem::normalize (143 bytes)
Event: 1.216 Thread 0x000001e1f51fd000 nmethod 4205 0x000001e1dad29390 code [0x000001e1dad29580, 0x000001e1dad29db0]

GC Heap History (8 events):
Event: 0.331 GC heap before
{Heap before GC invocations=1 (full 0):
 PSYoungGen      total 75776K, used 64527K [0x000000076ba00000, 0x0000000770e80000, 0x00000007c0000000)
  eden space 65024K, 99% used [0x000000076ba00000,0x000000076f903d60,0x000000076f980000)
  from space 10752K, 0% used [0x0000000770400000,0x0000000770400000,0x0000000770e80000)
  to   space 10752K, 0% used [0x000000076f980000,0x000000076f980000,0x0000000770400000)
 ParOldGen       total 173568K, used 0K [0x00000006c2e00000, 0x00000006cd780000, 0x000000076ba00000)
  object space 173568K, 0% used [0x00000006c2e00000,0x00000006c2e00000,0x00000006cd780000)
 Metaspace       used 10039K, capacity 10268K, committed 10624K, reserved 1058816K
  class space    used 1192K, capacity 1288K, committed 1408K, reserved 1048576K
Event: 0.335 GC heap after
Heap after GC invocations=1 (full 0):
 PSYoungGen      total 75776K, used 10751K [0x000000076ba00000, 0x0000000774e00000, 0x00000007c0000000)
  eden space 65024K, 0% used [0x000000076ba00000,0x000000076ba00000,0x000000076f980000)
  from space 10752K, 99% used [0x000000076f980000,0x00000007703ffc08,0x0000000770400000)
  to   space 10752K, 0% used [0x0000000774380000,0x0000000774380000,0x0000000774e00000)
 ParOldGen       total 173568K, used 2071K [0x00000006c2e00000, 0x00000006cd780000, 0x000000076ba00000)
  object space 173568K, 1% used [0x00000006c2e00000,0x00000006c3005c00,0x00000006cd780000)
 Metaspace       used 10039K, capacity 10268K, committed 10624K, reserved 1058816K
  class space    used 1192K, capacity 1288K, committed 1408K, reserved 1048576K
}
Event: 0.607 GC heap before
{Heap before GC invocations=2 (full 0):
 PSYoungGen      total 75776K, used 75775K [0x000000076ba00000, 0x0000000774e00000, 0x00000007c0000000)
  eden space 65024K, 100% used [0x000000076ba00000,0x000000076f980000,0x000000076f980000)
  from space 10752K, 99% used [0x000000076f980000,0x00000007703ffc08,0x0000000770400000)
  to   space 10752K, 0% used [0x0000000774380000,0x0000000774380000,0x0000000774e00000)
 ParOldGen       total 173568K, used 2071K [0x00000006c2e00000, 0x00000006cd780000, 0x000000076ba00000)
  object space 173568K, 1% used [0x00000006c2e00000,0x00000006c3005c00,0x00000006cd780000)
 Metaspace       used 16299K, capacity 16510K, committed 16768K, reserved 1064960K
  class space    used 2026K, capacity 2099K, committed 2176K, reserved 1048576K
Event: 0.613 GC heap after
Heap after GC invocations=2 (full 0):
 PSYoungGen      total 140800K, used 10739K [0x000000076ba00000, 0x0000000774e00000, 0x00000007c0000000)
  eden space 130048K, 0% used [0x000000076ba00000,0x000000076ba00000,0x0000000773900000)
  from space 10752K, 99% used [0x0000000774380000,0x0000000774dfcfb8,0x0000000774e00000)
  to   space 10752K, 0% used [0x0000000773900000,0x0000000773900000,0x0000000774380000)
 ParOldGen       total 173568K, used 9013K [0x00000006c2e00000, 0x00000006cd780000, 0x000000076ba00000)
  object space 173568K, 5% used [0x00000006c2e00000,0x00000006c36cd420,0x00000006cd780000)
 Metaspace       used 16299K, capacity 16510K, committed 16768K, reserved 1064960K
  class space    used 2026K, capacity 2099K, committed 2176K, reserved 1048576K
}
Event: 0.937 GC heap before
{Heap before GC invocations=3 (full 0):
 PSYoungGen      total 140800K, used 62057K [0x000000076ba00000, 0x0000000774e00000, 0x00000007c0000000)
  eden space 130048K, 39% used [0x000000076ba00000,0x000000076ec1d710,0x0000000773900000)
  from space 10752K, 99% used [0x0000000774380000,0x0000000774dfcfb8,0x0000000774e00000)
  to   space 10752K, 0% used [0x0000000773900000,0x0000000773900000,0x0000000774380000)
 ParOldGen       total 173568K, used 9013K [0x00000006c2e00000, 0x00000006cd780000, 0x000000076ba00000)
  object space 173568K, 5% used [0x00000006c2e00000,0x00000006c36cd420,0x00000006cd780000)
 Metaspace       used 20810K, capacity 21064K, committed 21248K, reserved 1067008K
  class space    used 2627K, capacity 2724K, committed 2816K, reserved 1048576K
Event: 0.943 GC heap after
Heap after GC invocations=3 (full 0):
 PSYoungGen      total 140800K, used 10720K [0x000000076ba00000, 0x000000077cd00000, 0x00000007c0000000)
  eden space 130048K, 0% used [0x000000076ba00000,0x000000076ba00000,0x0000000773900000)
  from space 10752K, 99% used [0x0000000773900000,0x0000000774378120,0x0000000774380000)
  to   space 10752K, 0% used [0x000000077c280000,0x000000077c280000,0x000000077cd00000)
 ParOldGen       total 173568K, used 15959K [0x00000006c2e00000, 0x00000006cd780000, 0x000000076ba00000)
  object space 173568K, 9% used [0x00000006c2e00000,0x00000006c3d95c20,0x00000006cd780000)
 Metaspace       used 20810K, capacity 21064K, committed 21248K, reserved 1067008K
  class space    used 2627K, capacity 2724K, committed 2816K, reserved 1048576K
}
Event: 0.943 GC heap before
{Heap before GC invocations=4 (full 1):
 PSYoungGen      total 140800K, used 10720K [0x000000076ba00000, 0x000000077cd00000, 0x00000007c0000000)
  eden space 130048K, 0% used [0x000000076ba00000,0x000000076ba00000,0x0000000773900000)
  from space 10752K, 99% used [0x0000000773900000,0x0000000774378120,0x0000000774380000)
  to   space 10752K, 0% used [0x000000077c280000,0x000000077c280000,0x000000077cd00000)
 ParOldGen       total 173568K, used 15959K [0x00000006c2e00000, 0x00000006cd780000, 0x000000076ba00000)
  object space 173568K, 9% used [0x00000006c2e00000,0x00000006c3d95c20,0x00000006cd780000)
 Metaspace       used 20810K, capacity 21064K, committed 21248K, reserved 1067008K
  class space    used 2627K, capacity 2724K, committed 2816K, reserved 1048576K
Event: 0.974 GC heap after
Heap after GC invocations=4 (full 1):
 PSYoungGen      total 140800K, used 0K [0x000000076ba00000, 0x000000077cd00000, 0x00000007c0000000)
  eden space 130048K, 0% used [0x000000076ba00000,0x000000076ba00000,0x0000000773900000)
  from space 10752K, 0% used [0x0000000773900000,0x0000000773900000,0x0000000774380000)
  to   space 10752K, 0% used [0x000000077c280000,0x000000077c280000,0x000000077cd00000)
 ParOldGen       total 137216K, used 18464K [0x00000006c2e00000, 0x00000006cb400000, 0x000000076ba00000)
  object space 137216K, 13% used [0x00000006c2e00000,0x00000006c40082f8,0x00000006cb400000)
 Metaspace       used 20810K, capacity 21064K, committed 21248K, reserved 1067008K
  class space    used 2627K, capacity 2724K, committed 2816K, reserved 1048576K
}

Deoptimization events (10 events):
Event: 0.830 Thread 0x000001e1d8279800 Uncommon trap: reason=class_check action=maybe_recompile pc=0x000001e1da6b6e08 method=org.eclipse.xtext.nodemodel.impl.NodeModelBuilder.addChild(Lorg/eclipse/xtext/nodemodel/ICompositeNode;Lorg/eclipse/xtext/nodemodel/impl/AbstractNode;)V @ 6
Event: 0.833 Thread 0x000001e1d8279800 Uncommon trap: reason=unstable_if action=reinterpret pc=0x000001e1da83fde8 method=org.eclipse.xtext.nodemodel.impl.InternalNodeModelUtils.computeLineBreaks(Ljava/lang/String;)[I @ 37
Event: 0.833 Thread 0x000001e1d8279800 Uncommon trap: reason=class_check action=maybe_recompile pc=0x000001e1da6d8ecc method=org.eclipse.xtext.nodemodel.impl.NodeModelBuilder.addChild(Lorg/eclipse/xtext/nodemodel/ICompositeNode;Lorg/eclipse/xtext/nodemodel/impl/AbstractNode;)V @ 6
Event: 0.895 Thread 0x000001e1d8279800 Uncommon trap: reason=unstable_if action=reinterpret pc=0x000001e1da453970 method=java.util.concurrent.ConcurrentHashMap.putVal(Ljava/lang/Object;Ljava/lang/Object;Z)Ljava/lang/Object; @ 181
Event: 1.162 Thread 0x000001e1d8279800 Uncommon trap: reason=unstable_if action=reinterpret pc=0x000001e1dac0a0f4 method=org.uqbar.project.wollok.interpreter.nativeobj.AbstractWollokDeclarativeNativeObject$2.apply(Ljava/lang/reflect/Method;)Ljava/lang/Boolean; @ 22
Event: 1.164 Thread 0x000001e1d8279800 Uncommon trap: reason=predicate action=maybe_recompile pc=0x000001e1dac85b54 method=java.lang.Iterable.forEach(Ljava/util/function/Consumer;)V @ 21
Event: 1.179 Thread 0x000001e1d8279800 Uncommon trap: reason=unstable_if action=reinterpret pc=0x000001e1da98643c method=java.io.WinNTFileSystem.normalize(Ljava/lang/String;)Ljava/lang/String; @ 49
Event: 1.181 Thread 0x000001e1d8279800 Uncommon trap: reason=unstable_if action=reinterpret pc=0x000001e1dacbdde4 method=java.util.AbstractCollection.addAll(Ljava/util/Collection;)Z @ 32
Event: 1.183 Thread 0x000001e1d8279800 Uncommon trap: reason=unstable_if action=reinterpret pc=0x000001e1da12425c method=java.lang.ThreadLocal$ThreadLocalMap.getEntry(Ljava/lang/ThreadLocal;)Ljava/lang/ThreadLocal$ThreadLocalMap$Entry; @ 29
Event: 1.185 Thread 0x000001e1d8279800 Uncommon trap: reason=predicate action=maybe_recompile pc=0x000001e1da38e72c method=java.lang.String.regionMatches(ZILjava/lang/String;II)Z @ 63

Classes redefined (0 events):
No events

Internal exceptions (10 events):
Event: 0.853 Thread 0x000001e1d8279800 Exception <a 'java/io/FileNotFoundException'> (0x000000076ded9d60) thrown at [C:\workspace\openjdk-build\workspace\build\src\hotspot\src\share\vm\prims\jni.cpp, line 712]
Event: 0.989 Thread 0x000001e1d8279800 Exception <a 'java/lang/reflect/InvocationTargetException'> (0x000000076bbbb978) thrown at [C:\workspace\openjdk-build\workspace\build\src\hotspot\src\share\vm\runtime\reflection.cpp, line 1092]
Event: 0.989 Thread 0x000001e1d8279800 Exception <a 'java/lang/reflect/InvocationTargetException'> (0x000000076bbd4838) thrown at [C:\workspace\openjdk-build\workspace\build\src\hotspot\src\share\vm\runtime\reflection.cpp, line 1092]
Event: 0.989 Thread 0x000001e1d8279800 Exception <a 'java/lang/reflect/InvocationTargetException'> (0x000000076bbf0008) thrown at [C:\workspace\openjdk-build\workspace\build\src\hotspot\src\share\vm\runtime\reflection.cpp, line 1092]
Event: 1.217 Thread 0x000001e1d8279800 Exception <a 'java/security/PrivilegedActionException'> (0x00000007708891a0) thrown at [C:\workspace\openjdk-build\workspace\build\src\hotspot\src\share\vm\prims\jvm.cpp, line 1514]
Event: 1.217 Thread 0x000001e1d8279800 Exception <a 'java/security/PrivilegedActionException'> (0x000000077088a6d0) thrown at [C:\workspace\openjdk-build\workspace\build\src\hotspot\src\share\vm\prims\jvm.cpp, line 1514]
Event: 1.218 Thread 0x000001e1d8279800 Exception <a 'java/security/PrivilegedActionException'> (0x000000077088bb00) thrown at [C:\workspace\openjdk-build\workspace\build\src\hotspot\src\share\vm\prims\jvm.cpp, line 1514]
Event: 1.218 Thread 0x000001e1d8279800 Exception <a 'java/security/PrivilegedActionException'> (0x000000077088d1c0) thrown at [C:\workspace\openjdk-build\workspace\build\src\hotspot\src\share\vm\prims\jvm.cpp, line 1514]
Event: 1.218 Thread 0x000001e1d8279800 Exception <a 'java/security/PrivilegedActionException'> (0x000000077088e5b8) thrown at [C:\workspace\openjdk-build\workspace\build\src\hotspot\src\share\vm\prims\jvm.cpp, line 1514]
Event: 1.218 Thread 0x000001e1d8279800 Exception <a 'java/security/PrivilegedActionException'> (0x000000077088f980) thrown at [C:\workspace\openjdk-build\workspace\build\src\hotspot\src\share\vm\prims\jvm.cpp, line 1514]

Events (10 events):
Event: 1.226 loading class org/lwjgl/openal/ALCdevice
Event: 1.226 loading class org/lwjgl/openal/ALCdevice done
Event: 1.227 loading class org/lwjgl/openal/ALCcontext
Event: 1.227 loading class org/lwjgl/openal/ALCcontext done
Event: 1.227 loading class java/nio/DirectIntBufferU
Event: 1.227 loading class java/nio/DirectIntBufferU done
Event: 1.227 loading class org/lwjgl/openal/Util
Event: 1.227 loading class org/lwjgl/openal/Util done
Event: 1.227 loading class org/lwjgl/openal/OpenALException
Event: 1.227 loading class org/lwjgl/openal/OpenALException done


Dynamic libraries:
0x00007ff6aaab0000 - 0x00007ff6aab01000 	C:\Users\braia\OneDrive\Escritorio\Wollok\bin\javaw.exe
0x00007ff8a84d0000 - 0x00007ff8a86c8000 	C:\WINDOWS\SYSTEM32\ntdll.dll
0x00007ff8a6f50000 - 0x00007ff8a700d000 	C:\WINDOWS\System32\KERNEL32.DLL
0x00007ff8a6200000 - 0x00007ff8a64f6000 	C:\WINDOWS\System32\KERNELBASE.dll
0x00007ff8a7c10000 - 0x00007ff8a7cbf000 	C:\WINDOWS\System32\ADVAPI32.dll
0x00007ff8a7d10000 - 0x00007ff8a7dae000 	C:\WINDOWS\System32\msvcrt.dll
0x00007ff8a7de0000 - 0x00007ff8a7e7c000 	C:\WINDOWS\System32\sechost.dll
0x00007ff8a6530000 - 0x00007ff8a6656000 	C:\WINDOWS\System32\RPCRT4.dll
0x00007ff8a7e80000 - 0x00007ff8a801e000 	C:\WINDOWS\System32\USER32.dll
0x00007ff8a6500000 - 0x00007ff8a6522000 	C:\WINDOWS\System32\win32u.dll
0x00007ff8a7db0000 - 0x00007ff8a7ddc000 	C:\WINDOWS\System32\GDI32.dll
0x00007ff8a5f50000 - 0x00007ff8a606a000 	C:\WINDOWS\System32\gdi32full.dll
0x00007ff8a5e10000 - 0x00007ff8a5ead000 	C:\WINDOWS\System32\msvcp_win.dll
0x00007ff8a6070000 - 0x00007ff8a6170000 	C:\WINDOWS\System32\ucrtbase.dll
0x00007ff89b220000 - 0x00007ff89b4ba000 	C:\WINDOWS\WinSxS\amd64_microsoft.windows.common-controls_6595b64144ccf1df_6.0.19041.3636_none_60b6a03d71f818d5\COMCTL32.dll
0x00007ff8a7ce0000 - 0x00007ff8a7d10000 	C:\WINDOWS\System32\IMM32.DLL
0x00007ff897f50000 - 0x00007ff897f65000 	C:\Users\braia\OneDrive\Escritorio\Wollok\jre\bin\vcruntime140.dll
0x00007ff891310000 - 0x00007ff8913ab000 	C:\Users\braia\OneDrive\Escritorio\Wollok\jre\bin\msvcp140.dll
0x00000000624b0000 - 0x0000000062d09000 	C:\Users\braia\OneDrive\Escritorio\Wollok\jre\bin\server\jvm.dll
0x00007ff8a6660000 - 0x00007ff8a6668000 	C:\WINDOWS\System32\PSAPI.DLL
0x00007ff89b900000 - 0x00007ff89b90a000 	C:\WINDOWS\SYSTEM32\VERSION.dll
0x00007ff8a3610000 - 0x00007ff8a3637000 	C:\WINDOWS\SYSTEM32\WINMM.dll
0x00007ff8a3990000 - 0x00007ff8a3999000 	C:\WINDOWS\SYSTEM32\WSOCK32.dll
0x00007ff8a73c0000 - 0x00007ff8a742b000 	C:\WINDOWS\System32\WS2_32.dll
0x00007ff8a3560000 - 0x00007ff8a3572000 	C:\WINDOWS\SYSTEM32\kernel.appcore.dll
0x00007ff8a3360000 - 0x00007ff8a3370000 	C:\Users\braia\OneDrive\Escritorio\Wollok\jre\bin\verify.dll
0x00007ff899ed0000 - 0x00007ff899efb000 	C:\Users\braia\OneDrive\Escritorio\Wollok\jre\bin\java.dll
0x00007ff89d5f0000 - 0x00007ff89d608000 	C:\Users\braia\OneDrive\Escritorio\Wollok\jre\bin\zip.dll
0x00007ff8a6800000 - 0x00007ff8a6f45000 	C:\WINDOWS\System32\SHELL32.dll
0x00007ff8a3c90000 - 0x00007ff8a442b000 	C:\WINDOWS\SYSTEM32\windows.storage.dll
0x00007ff8a7740000 - 0x00007ff8a7a94000 	C:\WINDOWS\System32\combase.dll
0x00007ff8a5520000 - 0x00007ff8a554d000 	C:\WINDOWS\SYSTEM32\Wldp.dll
0x00007ff8a7160000 - 0x00007ff8a720d000 	C:\WINDOWS\System32\SHCORE.dll
0x00007ff8a6670000 - 0x00007ff8a66c5000 	C:\WINDOWS\System32\shlwapi.dll
0x00007ff8a5ae0000 - 0x00007ff8a5b05000 	C:\WINDOWS\SYSTEM32\profapi.dll
0x0000000065580000 - 0x0000000065616000 	C:\Users\braia\AppData\Local\Temp\libgdxbraia\12dfaa03\gdx64.dll
0x00007ff8a5470000 - 0x00007ff8a5488000 	C:\WINDOWS\SYSTEM32\CRYPTSP.dll
0x00007ff8a4bb0000 - 0x00007ff8a4be4000 	C:\WINDOWS\system32\rsaenh.dll
0x00007ff8a5eb0000 - 0x00007ff8a5ed7000 	C:\WINDOWS\System32\bcrypt.dll
0x00007ff8a5a30000 - 0x00007ff8a5a5e000 	C:\WINDOWS\SYSTEM32\USERENV.dll
0x00007ff8a6170000 - 0x00007ff8a61f2000 	C:\WINDOWS\System32\bcryptprimitives.dll
0x00007ff8a5490000 - 0x00007ff8a549c000 	C:\WINDOWS\SYSTEM32\CRYPTBASE.dll
0x00007ff89d520000 - 0x00007ff89d53c000 	C:\Users\braia\OneDrive\Escritorio\Wollok\jre\bin\net.dll
0x00007ff8a5280000 - 0x00007ff8a52ea000 	C:\WINDOWS\system32\mswsock.dll
0x00007ff8a4f70000 - 0x00007ff8a4fab000 	C:\WINDOWS\SYSTEM32\IPHLPAPI.DLL
0x00007ff8a7cc0000 - 0x00007ff8a7cc8000 	C:\WINDOWS\System32\NSI.dll
0x00007ff8983f0000 - 0x00007ff898407000 	C:\WINDOWS\SYSTEM32\dhcpcsvc6.DLL
0x00007ff8983d0000 - 0x00007ff8983ed000 	C:\WINDOWS\SYSTEM32\dhcpcsvc.DLL
0x00007ff8a4fb0000 - 0x00007ff8a507a000 	C:\WINDOWS\SYSTEM32\DNSAPI.dll
0x00007ff899fa0000 - 0x00007ff899fb3000 	C:\Users\braia\OneDrive\Escritorio\Wollok\jre\bin\nio.dll
0x0000000180000000 - 0x0000000180053000 	C:\Users\braia\AppData\Local\Temp\libgdxbraia\dc0f0009\lwjgl64.dll
0x00007ff887f40000 - 0x00007ff888065000 	C:\WINDOWS\SYSTEM32\OPENGL32.dll
0x00007ff891d20000 - 0x00007ff891d4c000 	C:\WINDOWS\SYSTEM32\GLU32.dll
0x000001e1fc3c0000 - 0x000001e1fc424000 	C:\Users\braia\AppData\Local\Temp\libgdxbraia\dc0f0009\OpenAL64.dll
0x00007ff8a7010000 - 0x00007ff8a713b000 	C:\WINDOWS\System32\ole32.dll
0x00007ff8a38e0000 - 0x00007ff8a397e000 	C:\WINDOWS\system32\uxtheme.dll
0x00007ff8a7430000 - 0x00007ff8a74d9000 	C:\WINDOWS\System32\clbcatq.dll
0x00007ff88d160000 - 0x00007ff88d1fc000 	C:\WINDOWS\SYSTEM32\dsound.dll
0x00007ff8a5a90000 - 0x00007ff8a5adb000 	C:\WINDOWS\SYSTEM32\powrprof.dll
0x00007ff899aa0000 - 0x00007ff899ac6000 	C:\WINDOWS\SYSTEM32\winmmbase.dll
0x00007ff8a5a70000 - 0x00007ff8a5a82000 	C:\WINDOWS\SYSTEM32\UMPDC.dll
0x00007ff89b040000 - 0x00007ff89b0c5000 	C:\WINDOWS\System32\MMDevApi.dll
0x00007ff8a5890000 - 0x00007ff8a58c3000 	C:\WINDOWS\System32\DEVOBJ.dll
0x00007ff8a5dc0000 - 0x00007ff8a5e0e000 	C:\WINDOWS\System32\cfgmgr32.dll
0x00007ff886f60000 - 0x00007ff8870e2000 	C:\WINDOWS\SYSTEM32\AUDIOSES.DLL
0x00007ff8a66d0000 - 0x00007ff8a679d000 	C:\WINDOWS\System32\OLEAUT32.dll
0x00007ff89c450000 - 0x00007ff89c634000 	C:\WINDOWS\SYSTEM32\dbghelp.dll

VM Arguments:
jvm_args: -Duser.language=es_AR -Dfile.encoding=UTF-8 
java_command: org.uqbar.project.wollok.launch.WollokLauncher -requestsPort 0 -eventsPort 0 -folder -dontValidate -wf src/RoadRacePowered.wpgm
java_class_path (initial): C:\Users\braia\OneDrive\Escritorio\TPGameIntegrador-logistica-tpo-master\bin;C:\Users\braia\OneDrive\Escritorio\Wollok\plugins\com.ibm.icu_64.2.0.v20190507-1337.jar;C:\Users\braia\OneDrive\Escritorio\Wollok\plugins\org.eclipse.xtext_2.20.0.v20191202-0915.jar;C:\Users\braia\OneDrive\Escritorio\Wollok\plugins\org.eclipse.emf.ecore.xmi_2.16.0.v20190528-0725.jar;C:\Users\braia\OneDrive\Escritorio\Wollok\plugins\org.eclipse.emf.ecore_2.20.0.v20190920-0401.jar;C:\Users\braia\OneDrive\Escritorio\Wollok\plugins\org.eclipse.emf.common_2.17.0.v20190920-0401.jar;C:\Users\braia\OneDrive\Escritorio\Wollok\plugins\org.antlr.runtime_3.2.0.v201101311130.jar;C:\Users\braia\OneDrive\Escritorio\Wollok\plugins\com.google.inject_3.0.0.v201605172100.jar;C:\Users\braia\OneDrive\Escritorio\Wollok\plugins\org.eclipse.emf.mwe.core_1.5.1.v20191121-1148.jar;C:\Users\braia\OneDrive\Escritorio\Wollok\plugins\org.apache.commons.cli_1.2.0.v201404270220.jar;C:\Users\braia\OneDrive\Escritorio\Wollok\plugins\org.eclipse.emf.mwe2.runtime_2.11.1.v20191121-1148.jar;C:\Users\braia\OneDrive\Escritorio\Wollok\plugins\org.eclipse.emf.mwe.utils_1.5.1.v20191121-1148.jar;C:\Users\braia\OneDrive\Escritorio\Wollok\plugins\org.eclipse.xtext.util_2.20.0.v20191202-0915.jar;C:\Users\braia\OneDrive\Escritorio\Wollok\plugins\com.google.guava_27.1.0.v20190517-1946.jar;C:\Users\braia\OneDrive\Escritorio\Wollok\plugins\javax.inject_1.0.0.v20091030.jar;C:\Users\braia\OneDrive\Escritorio\Wollok\plugins\org.eclipse.xtext.generator_2.20.0.v20191202-0933.jar;C:\Users\braia\OneDrive\Escritorio\Wollok\plugins\org.eclipse.xtext.xtext.generator_2.20.0.v20191202-0915.jar;C:\Users\braia\OneDrive\Escritorio\Wollok\plugins\org.eclipse.xtext.xbase.lib_2.20.0.v20191202-0907.jar;C:\Users\braia\OneDrive\Escritorio\Wollok\plugins\org.eclipse.emf.codegen.ecore_2.20.0.v20191012-0918.jar;C:\Users\braia\OneDrive\Escritorio\Wollok\plugins\org.eclipse.emf.codegen_2.19.0.v20190821-1536.jar;C:\Users\braia\OneDrive\Esc
Launcher Type: SUN_STANDARD

Environment Variables:
PATH=C:/Users/braia/OneDrive/Escritorio/Wollok/jre/bin/server;C:/Users/braia/OneDrive/Escritorio/Wollok/jre/bin;C:/Users/braia/OneDrive/Escritorio/Wollok/jre/lib/amd64;C:\WINDOWS\system32;C:\WINDOWS;C:\WINDOWS\System32\Wbem;C:\WINDOWS\System32\WindowsPowerShell\v1.0\;C:\WINDOWS\System32\OpenSSH\;C:\Users\braia\AppData\Local\Microsoft\WindowsApps;;C:\Users\braia\OneDrive\Escritorio\Wollok;
USERNAME=braia
OS=Windows_NT
PROCESSOR_IDENTIFIER=Intel64 Family 6 Model 151 Stepping 2, GenuineIntel



---------------  S Y S T E M  ---------------

OS: Windows 10 , 64 bit Build 19041 (10.0.19041.3636)

CPU:total 20 (initial active 20) (10 cores per cpu, 2 threads per core) family 6 model 151 stepping 2, cmov, cx8, fxsr, mmx, sse, sse2, sse3, ssse3, sse4.1, sse4.2, popcnt, avx, avx2, aes, clmul, erms, 3dnowpref, lzcnt, ht, tsc, tscinvbit, bmi1, bmi2, adx

Memory: 4k page, physical 16586160k(9786240k free), swap 19600816k(8595816k free)

vm_info: OpenJDK 64-Bit Server VM (25.412-b08) for windows-amd64 JRE (1.8.0_412-b08), built on Apr 17 2024 02:10:30 by "jenkins" with MS VC++ 15.9 (VS2017)

time: Sat Jun 15 18:46:21 2024
timezone: Hora estándar de Argentina
elapsed time: 1.289759 seconds (0d 0h 0m 1s)

